<?xml version="1.0" encoding="UTF-8"?>
<testsuite errors="0" failures="0" hostname="PAGWKL-2P0P2R1" name="com.baselogic.chapter05.utils.DateUtilitiesTest" tests="3" time="0.077" timestamp="2011-09-04T20:34:36">
  <properties />
  <testcase classname="com.baselogic.chapter05.utils.DateUtilitiesTest" name="testGetYesterdayDate" time="0.014" />
  <testcase classname="com.baselogic.chapter05.utils.DateUtilitiesTest" name="testGetUnixDayFromDate" time="0.017" />
  <testcase classname="com.baselogic.chapter05.utils.DateUtilitiesTest" name="testGetDateDifferenceInDays" time="0.0020" />
  <system-out><![CDATA[2011-09-03
]]></system-out>
  <system-err><![CDATA[]]></system-err>
</testsuite>
