<?xml version="1.0" encoding="UTF-8"?>
<persistence version="2.0"
             xmlns="http://java.sun.com/xml/ns/persistence" xmlns:xsi="http://www.w3.org/2001/XMLSchema-instance"
             xsi:schemaLocation="
        http://java.sun.com/xml/ns/persistence
        http://java.sun.com/xml/ns/persistence/persistence_2_0.xsd">
    <persistence-unit name="bookStore">
        <jta-data-source>java:jboss/datasources/BookTestDS</jta-data-source>

        <class>org.cdibook.chapter9.model.Account</class>
        <class>org.cdibook.chapter9.model.Author</class>
        <class>org.cdibook.chapter9.model.Book</class>
        <class>org.cdibook.chapter9.model.Category</class>
        <class>org.cdibook.chapter9.model.Order</class>
        <class>org.cdibook.chapter9.model.OrderItem</class>
        <class>org.cdibook.chapter9.model.User</class>

        <exclude-unlisted-classes>true</exclude-unlisted-classes>

        <properties>
            <!-- Properties for Hibernate -->
            <property name="hibernate.hbm2ddl.auto" value="create-drop" />
            <property name="hibernate.show_sql" value="false" />
        </properties>
    </persistence-unit>
</persistence>