<persistence version="1.0"
             xmlns="http://java.sun.com/xml/ns/persistence"
             xmlns:xsi="http://www.w3.org/2001/XMLSchema-instance"
             xsi:schemaLocation="http://java.sun.com/xml/ns/persistence http://java.sun.com/xml/ns/persistence/persistence_1_0.xsd">

    <persistence-unit name="testDatabase" transaction-type="JTA">
        <provider>org.hibernate.jpa.HibernatePersistenceProvider</provider>
        <jta-data-source>jdbc/arquillian</jta-data-source>
        <properties>
            <!-- GlassFish 4.0-SNAPSHOT uses javadb.version = 10.9.1.0 -->
            <property name="hibernate.dialect" value="org.hibernate.dialect.DerbyTenSevenDialect" />

            <property name="hibernate.transaction.factory_class" value="org.hibernate.engine.transaction.internal.jta.JtaTransactionFactory"/>
            <!-- This required for JTA coordination of the CMT in GlassFish 4.0
             http://stackoverflow.com/questions/2359640/hibernate-mysql-glassfish-v3-and-jta-datasource
            -->
            <property name="hibernate.transaction.manager_lookup_class" value="org.hibernate.engine.transaction.jta.platform.internal.SunOneJtaPlatform" />
            <property name="hibernate.hbm2ddl.auto" value="none"/>
            <property name="hibernate.show_sql" value="true"/>
            <property name="hibernate.format_sql" value="true"/>
            <property name="hibernate.use_sql_comments" value="true"/>
        </properties>
    </persistence-unit>

</persistence>
