<persistence version="1.0"
             xmlns="http://java.sun.com/xml/ns/persistence"
             xmlns:xsi="http://www.w3.org/2001/XMLSchema-instance"
             xsi:schemaLocation="http://java.sun.com/xml/ns/persistence http://java.sun.com/xml/ns/persistence/persistence_1_0.xsd">

    <persistence-unit name="jfxSpotTradeDatabase" transaction-type="JTA">
        <provider>org.eclipse.persistence.jpa.PersistenceProvider</provider>
        <jta-data-source>jdbc/arquillian</jta-data-source>
        <properties>
            <property name="eclipselink.ddl-generation" value="drop-and-create-tables" />
            <property name="eclipselink.ddl-generation.output-mode" value="both"/>
            <property name="eclipselink.logging.level.sql" value="FINE"/>
            <property name="eclipselink.logging.parameters" value="true"/>
            <property name="eclipselink.create-ddl-jdbc-file-name" value="createDDL.jdbc"/>
        </properties>
    </persistence-unit>
</persistence>
